<?xml version="1.0" encoding="UTF-8"?>
<coverage generated="1779311127204" clover="3.2.0">
  <project timestamp="1779311127204" name="All files">
    <metrics statements="82" coveredstatements="82" conditionals="44" coveredconditionals="44" methods="8" coveredmethods="8" elements="134" coveredelements="134" complexity="0" loc="82" ncloc="82" packages="5" files="6" classes="6"/>
    <package name="billing">
      <metrics statements="22" coveredstatements="22" conditionals="6" coveredconditionals="6" methods="2" coveredmethods="2"/>
      <file name="detail-rows.ts" path="/Users/apple/Documents/GitHub/denwa/packages/pbx-core/src/billing/detail-rows.ts">
        <metrics statements="22" coveredstatements="22" conditionals="6" coveredconditionals="6" methods="2" coveredmethods="2"/>
        <line num="1" count="1" type="stmt"/>
        <line num="13" count="1" type="cond" truecount="1" falsecount="0"/>
        <line num="14" count="3" type="stmt"/>
        <line num="21" count="3" type="stmt"/>
        <line num="22" count="3" type="stmt"/>
        <line num="23" count="3" type="cond" truecount="1" falsecount="0"/>
        <line num="24" count="4" type="stmt"/>
        <line num="25" count="4" type="stmt"/>
        <line num="26" count="4" type="stmt"/>
        <line num="27" count="4" type="stmt"/>
        <line num="28" count="4" type="stmt"/>
        <line num="29" count="4" type="stmt"/>
        <line num="30" count="4" type="stmt"/>
        <line num="31" count="4" type="cond" truecount="2" falsecount="0"/>
        <line num="32" count="4" type="stmt"/>
        <line num="33" count="4" type="stmt"/>
        <line num="34" count="3" type="stmt"/>
        <line num="35" count="3" type="stmt"/>
        <line num="37" count="1" type="cond" truecount="1" falsecount="0"/>
        <line num="38" count="2" type="cond" truecount="1" falsecount="0"/>
        <line num="39" count="2" type="stmt"/>
        <line num="40" count="2" type="stmt"/>
      </file>
    </package>
    <package name="cdr">
      <metrics statements="36" coveredstatements="36" conditionals="24" coveredconditionals="24" methods="2" coveredmethods="2"/>
      <file name="filter.ts" path="/Users/apple/Documents/GitHub/denwa/packages/pbx-core/src/cdr/filter.ts">
        <metrics statements="14" coveredstatements="14" conditionals="11" coveredconditionals="11" methods="1" coveredmethods="1"/>
        <line num="12" count="1" type="stmt"/>
        <line num="13" count="1" type="stmt"/>
        <line num="15" count="1" type="cond" truecount="1" falsecount="0"/>
        <line num="16" count="5" type="stmt"/>
        <line num="17" count="5" type="cond" truecount="1" falsecount="0"/>
        <line num="18" count="5" type="stmt"/>
        <line num="19" count="5" type="cond" truecount="2" falsecount="0"/>
        <line num="20" count="5" type="cond" truecount="2" falsecount="0"/>
        <line num="21" count="5" type="cond" truecount="2" falsecount="0"/>
        <line num="22" count="5" type="cond" truecount="2" falsecount="0"/>
        <line num="23" count="5" type="cond" truecount="1" falsecount="0"/>
        <line num="24" count="5" type="stmt"/>
        <line num="25" count="5" type="stmt"/>
        <line num="26" count="5" type="stmt"/>
      </file>
      <file name="record-input.ts" path="/Users/apple/Documents/GitHub/denwa/packages/pbx-core/src/cdr/record-input.ts">
        <metrics statements="22" coveredstatements="22" conditionals="13" coveredconditionals="13" methods="1" coveredmethods="1"/>
        <line num="25" count="1" type="cond" truecount="1" falsecount="0"/>
        <line num="26" count="3" type="stmt"/>
        <line num="27" count="3" type="stmt"/>
        <line num="28" count="3" type="cond" truecount="1" falsecount="0"/>
        <line num="29" count="3" type="cond" truecount="1" falsecount="0"/>
        <line num="30" count="3" type="cond" truecount="1" falsecount="0"/>
        <line num="31" count="3" type="cond" truecount="1" falsecount="0"/>
        <line num="32" count="3" type="cond" truecount="1" falsecount="0"/>
        <line num="33" count="3" type="cond" truecount="1" falsecount="0"/>
        <line num="34" count="3" type="cond" truecount="1" falsecount="0"/>
        <line num="35" count="3" type="cond" truecount="1" falsecount="0"/>
        <line num="36" count="3" type="stmt"/>
        <line num="37" count="3" type="stmt"/>
        <line num="38" count="3" type="stmt"/>
        <line num="39" count="3" type="stmt"/>
        <line num="40" count="3" type="stmt"/>
        <line num="41" count="3" type="cond" truecount="1" falsecount="0"/>
        <line num="42" count="3" type="cond" truecount="1" falsecount="0"/>
        <line num="43" count="3" type="cond" truecount="1" falsecount="0"/>
        <line num="44" count="3" type="cond" truecount="1" falsecount="0"/>
        <line num="45" count="3" type="stmt"/>
        <line num="46" count="3" type="stmt"/>
      </file>
    </package>
    <package name="concurrency">
      <metrics statements="4" coveredstatements="4" conditionals="1" coveredconditionals="1" methods="1" coveredmethods="1"/>
      <file name="chart.ts" path="/Users/apple/Documents/GitHub/denwa/packages/pbx-core/src/concurrency/chart.ts">
        <metrics statements="4" coveredstatements="4" conditionals="1" coveredconditionals="1" methods="1" coveredmethods="1"/>
        <line num="3" count="1" type="cond" truecount="1" falsecount="0"/>
        <line num="4" count="3" type="stmt"/>
        <line num="5" count="3" type="stmt"/>
        <line num="6" count="3" type="stmt"/>
      </file>
    </package>
    <package name="home">
      <metrics statements="10" coveredstatements="10" conditionals="5" coveredconditionals="5" methods="1" coveredmethods="1"/>
      <file name="device-summary.ts" path="/Users/apple/Documents/GitHub/denwa/packages/pbx-core/src/home/device-summary.ts">
        <metrics statements="10" coveredstatements="10" conditionals="5" coveredconditionals="5" methods="1" coveredmethods="1"/>
        <line num="9" count="1" type="cond" truecount="1" falsecount="0"/>
        <line num="10" count="3" type="stmt"/>
        <line num="11" count="3" type="stmt"/>
        <line num="12" count="3" type="cond" truecount="1" falsecount="0"/>
        <line num="13" count="3" type="stmt"/>
        <line num="14" count="3" type="stmt"/>
        <line num="15" count="3" type="cond" truecount="3" falsecount="0"/>
        <line num="16" count="3" type="stmt"/>
        <line num="17" count="3" type="stmt"/>
        <line num="18" count="3" type="stmt"/>
      </file>
    </package>
    <package name="runtime">
      <metrics statements="10" coveredstatements="10" conditionals="8" coveredconditionals="8" methods="2" coveredmethods="2"/>
      <file name="poll-intervals.ts" path="/Users/apple/Documents/GitHub/denwa/packages/pbx-core/src/runtime/poll-intervals.ts">
        <metrics statements="10" coveredstatements="10" conditionals="8" coveredconditionals="8" methods="2" coveredmethods="2"/>
        <line num="3" count="1" type="stmt"/>
        <line num="4" count="1" type="stmt"/>
        <line num="6" count="1" type="cond" truecount="1" falsecount="0"/>
        <line num="7" count="4" type="stmt"/>
        <line num="8" count="4" type="cond" truecount="3" falsecount="0"/>
        <line num="9" count="4" type="stmt"/>
        <line num="11" count="1" type="cond" truecount="1" falsecount="0"/>
        <line num="12" count="3" type="stmt"/>
        <line num="13" count="3" type="cond" truecount="3" falsecount="0"/>
        <line num="14" count="3" type="stmt"/>
      </file>
    </package>
  </project>
</coverage>
