{"/Users/apple/Documents/GitHub/denwa/packages/pbx-core/src/billing/detail-rows.ts": {"path":"/Users/apple/Documents/GitHub/denwa/packages/pbx-core/src/billing/detail-rows.ts","all":false,"statementMap":{"0":{"start":{"line":1,"column":0},"end":{"line":1,"column":61}},"12":{"start":{"line":13,"column":0},"end":{"line":13,"column":39}},"13":{"start":{"line":14,"column":0},"end":{"line":14,"column":26}},"20":{"start":{"line":21,"column":0},"end":{"line":21,"column":32}},"21":{"start":{"line":22,"column":0},"end":{"line":22,"column":32}},"22":{"start":{"line":23,"column":0},"end":{"line":23,"column":29}},"23":{"start":{"line":24,"column":0},"end":{"line":24,"column":67}},"24":{"start":{"line":25,"column":0},"end":{"line":25,"column":12}},"25":{"start":{"line":26,"column":0},"end":{"line":26,"column":27}},"26":{"start":{"line":27,"column":0},"end":{"line":27,"column":17}},"27":{"start":{"line":28,"column":0},"end":{"line":28,"column":17}},"28":{"start":{"line":29,"column":0},"end":{"line":29,"column":25}},"29":{"start":{"line":30,"column":0},"end":{"line":30,"column":25}},"30":{"start":{"line":31,"column":0},"end":{"line":31,"column":39}},"31":{"start":{"line":32,"column":0},"end":{"line":32,"column":11}},"32":{"start":{"line":33,"column":0},"end":{"line":33,"column":6}},"33":{"start":{"line":34,"column":0},"end":{"line":34,"column":5}},"34":{"start":{"line":35,"column":0},"end":{"line":35,"column":1}},"36":{"start":{"line":37,"column":0},"end":{"line":37,"column":76}},"37":{"start":{"line":38,"column":0},"end":{"line":38,"column":53}},"38":{"start":{"line":39,"column":0},"end":{"line":39,"column":39}},"39":{"start":{"line":40,"column":0},"end":{"line":40,"column":1}}},"s":{"0":1,"12":1,"13":3,"20":3,"21":3,"22":3,"23":4,"24":4,"25":4,"26":4,"27":4,"28":4,"29":4,"30":4,"31":4,"32":4,"33":3,"34":3,"36":1,"37":2,"38":2,"39":2},"branchMap":{"0":{"type":"branch","line":13,"loc":{"start":{"line":13,"column":7},"end":{"line":35,"column":1}},"locations":[{"start":{"line":13,"column":7},"end":{"line":35,"column":1}}]},"1":{"type":"branch","line":23,"loc":{"start":{"line":23,"column":21},"end":{"line":34,"column":3}},"locations":[{"start":{"line":23,"column":21},"end":{"line":34,"column":3}}]},"2":{"type":"branch","line":31,"loc":{"start":{"line":31,"column":18},"end":{"line":31,"column":34}},"locations":[{"start":{"line":31,"column":18},"end":{"line":31,"column":34}}]},"3":{"type":"branch","line":31,"loc":{"start":{"line":31,"column":24},"end":{"line":31,"column":39}},"locations":[{"start":{"line":31,"column":24},"end":{"line":31,"column":39}}]},"4":{"type":"branch","line":37,"loc":{"start":{"line":37,"column":7},"end":{"line":40,"column":1}},"locations":[{"start":{"line":37,"column":7},"end":{"line":40,"column":1}}]},"5":{"type":"branch","line":38,"loc":{"start":{"line":38,"column":28},"end":{"line":38,"column":50}},"locations":[{"start":{"line":38,"column":28},"end":{"line":38,"column":50}}]}},"b":{"0":[3],"1":[4],"2":[3],"3":[1],"4":[2],"5":[3]},"fnMap":{"0":{"name":"buildBillingDetailRows","decl":{"start":{"line":13,"column":7},"end":{"line":35,"column":1}},"loc":{"start":{"line":13,"column":7},"end":{"line":35,"column":1}},"line":13},"1":{"name":"sumBillingCosts","decl":{"start":{"line":37,"column":7},"end":{"line":40,"column":1}},"loc":{"start":{"line":37,"column":7},"end":{"line":40,"column":1}},"line":37}},"f":{"0":3,"1":2}}
,"/Users/apple/Documents/GitHub/denwa/packages/pbx-core/src/cdr/filter.ts": {"path":"/Users/apple/Documents/GitHub/denwa/packages/pbx-core/src/cdr/filter.ts","all":false,"statementMap":{"11":{"start":{"line":12,"column":0},"end":{"line":12,"column":26}},"12":{"start":{"line":13,"column":0},"end":{"line":13,"column":23}},"14":{"start":{"line":15,"column":0},"end":{"line":15,"column":107}},"15":{"start":{"line":16,"column":0},"end":{"line":16,"column":17}},"16":{"start":{"line":17,"column":0},"end":{"line":17,"column":79}},"17":{"start":{"line":18,"column":0},"end":{"line":18,"column":10}},"18":{"start":{"line":19,"column":0},"end":{"line":19,"column":42}},"19":{"start":{"line":20,"column":0},"end":{"line":20,"column":38}},"20":{"start":{"line":21,"column":0},"end":{"line":21,"column":40}},"21":{"start":{"line":22,"column":0},"end":{"line":22,"column":40}},"22":{"start":{"line":23,"column":0},"end":{"line":23,"column":56}},"23":{"start":{"line":24,"column":0},"end":{"line":24,"column":10}},"24":{"start":{"line":25,"column":0},"end":{"line":25,"column":4}},"25":{"start":{"line":26,"column":0},"end":{"line":26,"column":1}}},"s":{"11":1,"12":1,"14":1,"15":5,"16":5,"17":5,"18":5,"19":5,"20":5,"21":5,"22":5,"23":5,"24":5,"25":5},"branchMap":{"0":{"type":"branch","line":15,"loc":{"start":{"line":15,"column":7},"end":{"line":26,"column":1}},"locations":[{"start":{"line":15,"column":7},"end":{"line":26,"column":1}}]},"1":{"type":"branch","line":17,"loc":{"start":{"line":17,"column":40},"end":{"line":17,"column":64}},"locations":[{"start":{"line":17,"column":40},"end":{"line":17,"column":64}}]},"2":{"type":"branch","line":19,"loc":{"start":{"line":19,"column":16},"end":{"line":19,"column":27}},"locations":[{"start":{"line":19,"column":16},"end":{"line":19,"column":27}}]},"3":{"type":"branch","line":19,"loc":{"start":{"line":19,"column":27},"end":{"line":19,"column":42}},"locations":[{"start":{"line":19,"column":27},"end":{"line":19,"column":42}}]},"4":{"type":"branch","line":20,"loc":{"start":{"line":20,"column":14},"end":{"line":20,"column":23}},"locations":[{"start":{"line":20,"column":14},"end":{"line":20,"column":23}}]},"5":{"type":"branch","line":20,"loc":{"start":{"line":20,"column":23},"end":{"line":20,"column":38}},"locations":[{"start":{"line":20,"column":23},"end":{"line":20,"column":38}}]},"6":{"type":"branch","line":21,"loc":{"start":{"line":21,"column":15},"end":{"line":21,"column":25}},"locations":[{"start":{"line":21,"column":15},"end":{"line":21,"column":25}}]},"7":{"type":"branch","line":21,"loc":{"start":{"line":21,"column":25},"end":{"line":21,"column":40}},"locations":[{"start":{"line":21,"column":25},"end":{"line":21,"column":40}}]},"8":{"type":"branch","line":22,"loc":{"start":{"line":22,"column":15},"end":{"line":22,"column":25}},"locations":[{"start":{"line":22,"column":15},"end":{"line":22,"column":25}}]},"9":{"type":"branch","line":22,"loc":{"start":{"line":22,"column":25},"end":{"line":22,"column":40}},"locations":[{"start":{"line":22,"column":25},"end":{"line":22,"column":40}}]},"10":{"type":"branch","line":23,"loc":{"start":{"line":23,"column":23},"end":{"line":23,"column":41}},"locations":[{"start":{"line":23,"column":23},"end":{"line":23,"column":41}}]}},"b":{"0":[5],"1":[3],"2":[1],"3":[4],"4":[1],"5":[4],"6":[1],"7":[4],"8":[1],"9":[4],"10":[1]},"fnMap":{"0":{"name":"normalizeCdrListFilter","decl":{"start":{"line":15,"column":7},"end":{"line":26,"column":1}},"loc":{"start":{"line":15,"column":7},"end":{"line":26,"column":1}},"line":15}},"f":{"0":5}}
,"/Users/apple/Documents/GitHub/denwa/packages/pbx-core/src/cdr/record-input.ts": {"path":"/Users/apple/Documents/GitHub/denwa/packages/pbx-core/src/cdr/record-input.ts","all":false,"statementMap":{"24":{"start":{"line":25,"column":0},"end":{"line":25,"column":84}},"25":{"start":{"line":26,"column":0},"end":{"line":26,"column":10}},"26":{"start":{"line":27,"column":0},"end":{"line":27,"column":27}},"27":{"start":{"line":28,"column":0},"end":{"line":28,"column":25}},"28":{"start":{"line":29,"column":0},"end":{"line":29,"column":25}},"29":{"start":{"line":30,"column":0},"end":{"line":30,"column":35}},"30":{"start":{"line":31,"column":0},"end":{"line":31,"column":27}},"31":{"start":{"line":32,"column":0},"end":{"line":32,"column":33}},"32":{"start":{"line":33,"column":0},"end":{"line":33,"column":39}},"33":{"start":{"line":34,"column":0},"end":{"line":34,"column":33}},"34":{"start":{"line":35,"column":0},"end":{"line":35,"column":35}},"35":{"start":{"line":36,"column":0},"end":{"line":36,"column":23}},"36":{"start":{"line":37,"column":0},"end":{"line":37,"column":25}},"37":{"start":{"line":38,"column":0},"end":{"line":38,"column":19}},"38":{"start":{"line":39,"column":0},"end":{"line":39,"column":30}},"39":{"start":{"line":40,"column":0},"end":{"line":40,"column":28}},"40":{"start":{"line":41,"column":0},"end":{"line":41,"column":41}},"41":{"start":{"line":42,"column":0},"end":{"line":42,"column":33}},"42":{"start":{"line":43,"column":0},"end":{"line":43,"column":41}},"43":{"start":{"line":44,"column":0},"end":{"line":44,"column":37}},"44":{"start":{"line":45,"column":0},"end":{"line":45,"column":4}},"45":{"start":{"line":46,"column":0},"end":{"line":46,"column":1}}},"s":{"24":1,"25":3,"26":3,"27":3,"28":3,"29":3,"30":3,"31":3,"32":3,"33":3,"34":3,"35":3,"36":3,"37":3,"38":3,"39":3,"40":3,"41":3,"42":3,"43":3,"44":3,"45":3},"branchMap":{"0":{"type":"branch","line":25,"loc":{"start":{"line":25,"column":7},"end":{"line":46,"column":1}},"locations":[{"start":{"line":25,"column":7},"end":{"line":46,"column":1}}]},"1":{"type":"branch","line":28,"loc":{"start":{"line":28,"column":13},"end":{"line":28,"column":25}},"locations":[{"start":{"line":28,"column":13},"end":{"line":28,"column":25}}]},"2":{"type":"branch","line":29,"loc":{"start":{"line":29,"column":13},"end":{"line":29,"column":25}},"locations":[{"start":{"line":29,"column":13},"end":{"line":29,"column":25}}]},"3":{"type":"branch","line":30,"loc":{"start":{"line":30,"column":18},"end":{"line":30,"column":35}},"locations":[{"start":{"line":30,"column":18},"end":{"line":30,"column":35}}]},"4":{"type":"branch","line":31,"loc":{"start":{"line":31,"column":14},"end":{"line":31,"column":27}},"locations":[{"start":{"line":31,"column":14},"end":{"line":31,"column":27}}]},"5":{"type":"branch","line":32,"loc":{"start":{"line":32,"column":17},"end":{"line":32,"column":33}},"locations":[{"start":{"line":32,"column":17},"end":{"line":32,"column":33}}]},"6":{"type":"branch","line":33,"loc":{"start":{"line":33,"column":20},"end":{"line":33,"column":39}},"locations":[{"start":{"line":33,"column":20},"end":{"line":33,"column":39}}]},"7":{"type":"branch","line":34,"loc":{"start":{"line":34,"column":17},"end":{"line":34,"column":33}},"locations":[{"start":{"line":34,"column":17},"end":{"line":34,"column":33}}]},"8":{"type":"branch","line":35,"loc":{"start":{"line":35,"column":18},"end":{"line":35,"column":35}},"locations":[{"start":{"line":35,"column":18},"end":{"line":35,"column":35}}]},"9":{"type":"branch","line":41,"loc":{"start":{"line":41,"column":21},"end":{"line":41,"column":41}},"locations":[{"start":{"line":41,"column":21},"end":{"line":41,"column":41}}]},"10":{"type":"branch","line":42,"loc":{"start":{"line":42,"column":17},"end":{"line":42,"column":33}},"locations":[{"start":{"line":42,"column":17},"end":{"line":42,"column":33}}]},"11":{"type":"branch","line":43,"loc":{"start":{"line":43,"column":21},"end":{"line":43,"column":41}},"locations":[{"start":{"line":43,"column":21},"end":{"line":43,"column":41}}]},"12":{"type":"branch","line":44,"loc":{"start":{"line":44,"column":19},"end":{"line":44,"column":37}},"locations":[{"start":{"line":44,"column":19},"end":{"line":44,"column":37}}]}},"b":{"0":[3],"1":[1],"2":[1],"3":[1],"4":[2],"5":[1],"6":[1],"7":[1],"8":[2],"9":[1],"10":[2],"11":[2],"12":[2]},"fnMap":{"0":{"name":"cdrRecordUpsertFromParsed","decl":{"start":{"line":25,"column":7},"end":{"line":46,"column":1}},"loc":{"start":{"line":25,"column":7},"end":{"line":46,"column":1}},"line":25}},"f":{"0":3}}
,"/Users/apple/Documents/GitHub/denwa/packages/pbx-core/src/concurrency/chart.ts": {"path":"/Users/apple/Documents/GitHub/denwa/packages/pbx-core/src/concurrency/chart.ts","all":false,"statementMap":{"2":{"start":{"line":3,"column":0},"end":{"line":3,"column":81}},"3":{"start":{"line":4,"column":0},"end":{"line":4,"column":39}},"4":{"start":{"line":5,"column":0},"end":{"line":5,"column":57}},"5":{"start":{"line":6,"column":0},"end":{"line":6,"column":1}}},"s":{"2":1,"3":3,"4":3,"5":3},"branchMap":{"0":{"type":"branch","line":3,"loc":{"start":{"line":3,"column":7},"end":{"line":6,"column":1}},"locations":[{"start":{"line":3,"column":7},"end":{"line":6,"column":1}}]}},"b":{"0":[3]},"fnMap":{"0":{"name":"barHeightPercent","decl":{"start":{"line":3,"column":7},"end":{"line":6,"column":1}},"loc":{"start":{"line":3,"column":7},"end":{"line":6,"column":1}},"line":3}},"f":{"0":3}}
,"/Users/apple/Documents/GitHub/denwa/packages/pbx-core/src/home/device-summary.ts": {"path":"/Users/apple/Documents/GitHub/denwa/packages/pbx-core/src/home/device-summary.ts","all":false,"statementMap":{"8":{"start":{"line":9,"column":0},"end":{"line":9,"column":38}},"9":{"start":{"line":10,"column":0},"end":{"line":10,"column":41}},"10":{"start":{"line":11,"column":0},"end":{"line":11,"column":38}},"11":{"start":{"line":12,"column":0},"end":{"line":12,"column":51}},"12":{"start":{"line":13,"column":0},"end":{"line":13,"column":29}},"13":{"start":{"line":14,"column":0},"end":{"line":14,"column":30}},"14":{"start":{"line":15,"column":0},"end":{"line":15,"column":82}},"15":{"start":{"line":16,"column":0},"end":{"line":16,"column":11}},"16":{"start":{"line":17,"column":0},"end":{"line":17,"column":27}},"17":{"start":{"line":18,"column":0},"end":{"line":18,"column":1}}},"s":{"8":1,"9":3,"10":3,"11":3,"12":3,"13":3,"14":3,"15":3,"16":3,"17":3},"branchMap":{"0":{"type":"branch","line":9,"loc":{"start":{"line":9,"column":7},"end":{"line":18,"column":1}},"locations":[{"start":{"line":9,"column":7},"end":{"line":18,"column":1}}]},"1":{"type":"branch","line":12,"loc":{"start":{"line":12,"column":31},"end":{"line":12,"column":49}},"locations":[{"start":{"line":12,"column":31},"end":{"line":12,"column":49}}]},"2":{"type":"branch","line":15,"loc":{"start":{"line":15,"column":4},"end":{"line":15,"column":82}},"locations":[{"start":{"line":15,"column":4},"end":{"line":15,"column":82}}]},"3":{"type":"branch","line":15,"loc":{"start":{"line":15,"column":27},"end":{"line":15,"column":62}},"locations":[{"start":{"line":15,"column":27},"end":{"line":15,"column":62}}]},"4":{"type":"branch","line":15,"loc":{"start":{"line":15,"column":47},"end":{"line":15,"column":82}},"locations":[{"start":{"line":15,"column":47},"end":{"line":15,"column":82}}]}},"b":{"0":[3],"1":[4],"2":[3],"3":[2],"4":[2]},"fnMap":{"0":{"name":"summarizeDeviceOnline","decl":{"start":{"line":9,"column":7},"end":{"line":18,"column":1}},"loc":{"start":{"line":9,"column":7},"end":{"line":18,"column":1}},"line":9}},"f":{"0":3}}
,"/Users/apple/Documents/GitHub/denwa/packages/pbx-core/src/runtime/poll-intervals.ts": {"path":"/Users/apple/Documents/GitHub/denwa/packages/pbx-core/src/runtime/poll-intervals.ts","all":false,"statementMap":{"2":{"start":{"line":3,"column":0},"end":{"line":3,"column":35}},"3":{"start":{"line":4,"column":0},"end":{"line":4,"column":43}},"5":{"start":{"line":6,"column":0},"end":{"line":6,"column":88}},"6":{"start":{"line":7,"column":0},"end":{"line":7,"column":45}},"7":{"start":{"line":8,"column":0},"end":{"line":8,"column":67}},"8":{"start":{"line":9,"column":0},"end":{"line":9,"column":1}},"10":{"start":{"line":11,"column":0},"end":{"line":11,"column":96}},"11":{"start":{"line":12,"column":0},"end":{"line":12,"column":53}},"12":{"start":{"line":13,"column":0},"end":{"line":13,"column":75}},"13":{"start":{"line":14,"column":0},"end":{"line":14,"column":1}}},"s":{"2":1,"3":1,"5":1,"6":4,"7":4,"8":4,"10":1,"11":3,"12":3,"13":3},"branchMap":{"0":{"type":"branch","line":6,"loc":{"start":{"line":6,"column":7},"end":{"line":9,"column":1}},"locations":[{"start":{"line":6,"column":7},"end":{"line":9,"column":1}}]},"1":{"type":"branch","line":8,"loc":{"start":{"line":8,"column":26},"end":{"line":8,"column":43}},"locations":[{"start":{"line":8,"column":26},"end":{"line":8,"column":43}}]},"2":{"type":"branch","line":8,"loc":{"start":{"line":8,"column":36},"end":{"line":8,"column":47}},"locations":[{"start":{"line":8,"column":36},"end":{"line":8,"column":47}}]},"3":{"type":"branch","line":8,"loc":{"start":{"line":8,"column":43},"end":{"line":8,"column":67}},"locations":[{"start":{"line":8,"column":43},"end":{"line":8,"column":67}}]},"4":{"type":"branch","line":11,"loc":{"start":{"line":11,"column":7},"end":{"line":14,"column":1}},"locations":[{"start":{"line":11,"column":7},"end":{"line":14,"column":1}}]},"5":{"type":"branch","line":13,"loc":{"start":{"line":13,"column":26},"end":{"line":13,"column":43}},"locations":[{"start":{"line":13,"column":26},"end":{"line":13,"column":43}}]},"6":{"type":"branch","line":13,"loc":{"start":{"line":13,"column":36},"end":{"line":13,"column":47}},"locations":[{"start":{"line":13,"column":36},"end":{"line":13,"column":47}}]},"7":{"type":"branch","line":13,"loc":{"start":{"line":13,"column":43},"end":{"line":13,"column":75}},"locations":[{"start":{"line":13,"column":43},"end":{"line":13,"column":75}}]}},"b":{"0":[4],"1":[2],"2":[1],"3":[3],"4":[3],"5":[2],"6":[1],"7":[2]},"fnMap":{"0":{"name":"resolveCdrPollIntervalMs","decl":{"start":{"line":6,"column":7},"end":{"line":9,"column":1}},"loc":{"start":{"line":6,"column":7},"end":{"line":9,"column":1}},"line":6},"1":{"name":"resolveConcurrencyPollIntervalMs","decl":{"start":{"line":11,"column":7},"end":{"line":14,"column":1}},"loc":{"start":{"line":11,"column":7},"end":{"line":14,"column":1}},"line":11}},"f":{"0":4,"1":3}}
,"/Users/apple/Documents/GitHub/denwa/packages/pbx-core/src/softphone/policy.ts": {"path":"/Users/apple/Documents/GitHub/denwa/packages/pbx-core/src/softphone/policy.ts","all":false,"statementMap":{"13":{"start":{"line":14,"column":0},"end":{"line":14,"column":40}},"14":{"start":{"line":15,"column":0},"end":{"line":15,"column":40}},"15":{"start":{"line":16,"column":0},"end":{"line":16,"column":48}},"16":{"start":{"line":17,"column":0},"end":{"line":17,"column":36}},"17":{"start":{"line":18,"column":0},"end":{"line":18,"column":26}},"18":{"start":{"line":19,"column":0},"end":{"line":19,"column":52}},"19":{"start":{"line":20,"column":0},"end":{"line":20,"column":25}},"20":{"start":{"line":21,"column":0},"end":{"line":21,"column":71}},"21":{"start":{"line":22,"column":0},"end":{"line":22,"column":3}},"22":{"start":{"line":23,"column":0},"end":{"line":23,"column":43}},"23":{"start":{"line":24,"column":0},"end":{"line":24,"column":15}},"24":{"start":{"line":25,"column":0},"end":{"line":25,"column":42}},"25":{"start":{"line":26,"column":0},"end":{"line":26,"column":58}},"26":{"start":{"line":27,"column":0},"end":{"line":27,"column":1}}},"s":{"13":1,"14":3,"15":3,"16":3,"17":3,"18":3,"19":3,"20":1,"21":1,"22":2,"23":2,"24":2,"25":2,"26":2},"branchMap":{"0":{"type":"branch","line":14,"loc":{"start":{"line":14,"column":7},"end":{"line":27,"column":1}},"locations":[{"start":{"line":14,"column":7},"end":{"line":27,"column":1}}]},"1":{"type":"branch","line":20,"loc":{"start":{"line":20,"column":24},"end":{"line":22,"column":3}},"locations":[{"start":{"line":20,"column":24},"end":{"line":22,"column":3}}]},"2":{"type":"branch","line":22,"loc":{"start":{"line":22,"column":2},"end":{"line":27,"column":1}},"locations":[{"start":{"line":22,"column":2},"end":{"line":27,"column":1}}]},"3":{"type":"branch","line":19,"loc":{"start":{"line":19,"column":35},"end":{"line":19,"column":50}},"locations":[{"start":{"line":19,"column":35},"end":{"line":19,"column":50}}]},"4":{"type":"branch","line":21,"loc":{"start":{"line":21,"column":22},"end":{"line":21,"column":69}},"locations":[{"start":{"line":21,"column":22},"end":{"line":21,"column":69}}]},"5":{"type":"branch","line":25,"loc":{"start":{"line":25,"column":12},"end":{"line":25,"column":41}},"locations":[{"start":{"line":25,"column":12},"end":{"line":25,"column":41}}]},"6":{"type":"branch","line":26,"loc":{"start":{"line":26,"column":9},"end":{"line":26,"column":56}},"locations":[{"start":{"line":26,"column":9},"end":{"line":26,"column":56}}]}},"b":{"0":[3],"1":[1],"2":[2],"3":[9],"4":[2],"5":[4],"6":[1]},"fnMap":{"0":{"name":"filterSoftphoneProfiles","decl":{"start":{"line":14,"column":7},"end":{"line":27,"column":1}},"loc":{"start":{"line":14,"column":7},"end":{"line":27,"column":1}},"line":14}},"f":{"0":3}}
,"/Users/apple/Documents/GitHub/denwa/packages/pbx-core/src/softphone/register-error.ts": {"path":"/Users/apple/Documents/GitHub/denwa/packages/pbx-core/src/softphone/register-error.ts","all":false,"statementMap":{"9":{"start":{"line":10,"column":0},"end":{"line":10,"column":77}},"10":{"start":{"line":11,"column":0},"end":{"line":11,"column":38}},"11":{"start":{"line":12,"column":0},"end":{"line":12,"column":6}},"12":{"start":{"line":13,"column":0},"end":{"line":13,"column":94}},"13":{"start":{"line":14,"column":0},"end":{"line":14,"column":8}},"14":{"start":{"line":15,"column":0},"end":{"line":15,"column":5}},"15":{"start":{"line":16,"column":0},"end":{"line":16,"column":5}},"16":{"start":{"line":17,"column":0},"end":{"line":17,"column":12}},"17":{"start":{"line":18,"column":0},"end":{"line":18,"column":19}},"18":{"start":{"line":19,"column":0},"end":{"line":19,"column":18}},"19":{"start":{"line":20,"column":0},"end":{"line":20,"column":181}},"20":{"start":{"line":21,"column":0},"end":{"line":21,"column":6}},"21":{"start":{"line":22,"column":0},"end":{"line":22,"column":3}},"22":{"start":{"line":23,"column":0},"end":{"line":23,"column":79}},"23":{"start":{"line":24,"column":0},"end":{"line":24,"column":12}},"24":{"start":{"line":25,"column":0},"end":{"line":25,"column":18}},"25":{"start":{"line":26,"column":0},"end":{"line":26,"column":18}},"26":{"start":{"line":27,"column":0},"end":{"line":27,"column":124}},"27":{"start":{"line":28,"column":0},"end":{"line":28,"column":6}},"28":{"start":{"line":29,"column":0},"end":{"line":29,"column":3}},"29":{"start":{"line":30,"column":0},"end":{"line":30,"column":85}},"30":{"start":{"line":31,"column":0},"end":{"line":31,"column":12}},"31":{"start":{"line":32,"column":0},"end":{"line":32,"column":18}},"32":{"start":{"line":33,"column":0},"end":{"line":33,"column":18}},"33":{"start":{"line":34,"column":0},"end":{"line":34,"column":100}},"34":{"start":{"line":35,"column":0},"end":{"line":35,"column":6}},"35":{"start":{"line":36,"column":0},"end":{"line":36,"column":3}},"36":{"start":{"line":37,"column":0},"end":{"line":37,"column":72}},"37":{"start":{"line":38,"column":0},"end":{"line":38,"column":12}},"38":{"start":{"line":39,"column":0},"end":{"line":39,"column":19}},"39":{"start":{"line":40,"column":0},"end":{"line":40,"column":67}},"40":{"start":{"line":41,"column":0},"end":{"line":41,"column":6}},"41":{"start":{"line":42,"column":0},"end":{"line":42,"column":3}},"42":{"start":{"line":43,"column":0},"end":{"line":43,"column":65}},"43":{"start":{"line":44,"column":0},"end":{"line":44,"column":12}},"44":{"start":{"line":45,"column":0},"end":{"line":45,"column":20}},"45":{"start":{"line":46,"column":0},"end":{"line":46,"column":60}},"46":{"start":{"line":47,"column":0},"end":{"line":47,"column":6}},"47":{"start":{"line":48,"column":0},"end":{"line":48,"column":3}},"48":{"start":{"line":49,"column":0},"end":{"line":49,"column":10}},"49":{"start":{"line":50,"column":0},"end":{"line":50,"column":20}},"50":{"start":{"line":51,"column":0},"end":{"line":51,"column":48}},"51":{"start":{"line":52,"column":0},"end":{"line":52,"column":4}},"52":{"start":{"line":53,"column":0},"end":{"line":53,"column":1}}},"s":{"9":1,"10":12,"11":12,"12":12,"13":12,"14":12,"15":12,"16":3,"17":3,"18":3,"19":3,"20":3,"21":3,"22":12,"23":1,"24":1,"25":1,"26":1,"27":1,"28":1,"29":11,"30":3,"31":3,"32":3,"33":3,"34":3,"35":3,"36":10,"37":2,"38":2,"39":2,"40":2,"41":2,"42":10,"43":1,"44":1,"45":1,"46":1,"47":1,"48":2,"49":2,"50":12,"51":12,"52":12},"branchMap":{"0":{"type":"branch","line":10,"loc":{"start":{"line":10,"column":7},"end":{"line":53,"column":1}},"locations":[{"start":{"line":10,"column":7},"end":{"line":53,"column":1}}]},"1":{"type":"branch","line":11,"loc":{"start":{"line":11,"column":13},"end":{"line":11,"column":24}},"locations":[{"start":{"line":11,"column":13},"end":{"line":11,"column":24}}]},"2":{"type":"branch","line":16,"loc":{"start":{"line":16,"column":4},"end":{"line":23,"column":78}},"locations":[{"start":{"line":16,"column":4},"end":{"line":23,"column":78}}]},"3":{"type":"branch","line":16,"loc":{"start":{"line":16,"column":4},"end":{"line":22,"column":3}},"locations":[{"start":{"line":16,"column":4},"end":{"line":22,"column":3}}]},"4":{"type":"branch","line":22,"loc":{"start":{"line":22,"column":2},"end":{"line":23,"column":78}},"locations":[{"start":{"line":22,"column":2},"end":{"line":23,"column":78}}]},"5":{"type":"branch","line":23,"loc":{"start":{"line":23,"column":78},"end":{"line":29,"column":3}},"locations":[{"start":{"line":23,"column":78},"end":{"line":29,"column":3}}]},"6":{"type":"branch","line":29,"loc":{"start":{"line":29,"column":2},"end":{"line":36,"column":3}},"locations":[{"start":{"line":29,"column":2},"end":{"line":36,"column":3}}]},"7":{"type":"branch","line":29,"loc":{"start":{"line":29,"column":2},"end":{"line":30,"column":84}},"locations":[{"start":{"line":29,"column":2},"end":{"line":30,"column":84}}]},"8":{"type":"branch","line":30,"loc":{"start":{"line":30,"column":84},"end":{"line":36,"column":3}},"locations":[{"start":{"line":30,"column":84},"end":{"line":36,"column":3}}]},"9":{"type":"branch","line":36,"loc":{"start":{"line":36,"column":2},"end":{"line":51,"column":27}},"locations":[{"start":{"line":36,"column":2},"end":{"line":51,"column":27}}]},"10":{"type":"branch","line":36,"loc":{"start":{"line":36,"column":2},"end":{"line":37,"column":71}},"locations":[{"start":{"line":36,"column":2},"end":{"line":37,"column":71}}]},"11":{"type":"branch","line":37,"loc":{"start":{"line":37,"column":71},"end":{"line":42,"column":3}},"locations":[{"start":{"line":37,"column":71},"end":{"line":42,"column":3}}]},"12":{"type":"branch","line":42,"loc":{"start":{"line":42,"column":2},"end":{"line":43,"column":64}},"locations":[{"start":{"line":42,"column":2},"end":{"line":43,"column":64}}]},"13":{"type":"branch","line":43,"loc":{"start":{"line":43,"column":64},"end":{"line":48,"column":3}},"locations":[{"start":{"line":43,"column":64},"end":{"line":48,"column":3}}]},"14":{"type":"branch","line":48,"loc":{"start":{"line":48,"column":2},"end":{"line":51,"column":27}},"locations":[{"start":{"line":48,"column":2},"end":{"line":51,"column":27}}]},"15":{"type":"branch","line":51,"loc":{"start":{"line":51,"column":27},"end":{"line":51,"column":48}},"locations":[{"start":{"line":51,"column":27},"end":{"line":51,"column":48}}]}},"b":{"0":[12],"1":[0],"2":[11],"3":[3],"4":[9],"5":[1],"6":[11],"7":[8],"8":[3],"9":[10],"10":[5],"11":[2],"12":[3],"13":[1],"14":[2],"15":[1]},"fnMap":{"0":{"name":"classifySipRegisterFailure","decl":{"start":{"line":10,"column":7},"end":{"line":53,"column":1}},"loc":{"start":{"line":10,"column":7},"end":{"line":53,"column":1}},"line":10}},"f":{"0":12}}
,"/Users/apple/Documents/GitHub/denwa/packages/pbx-core/src/softphone/state.ts": {"path":"/Users/apple/Documents/GitHub/denwa/packages/pbx-core/src/softphone/state.ts","all":false,"statementMap":{"10":{"start":{"line":11,"column":0},"end":{"line":11,"column":87}},"11":{"start":{"line":12,"column":0},"end":{"line":12,"column":78}},"12":{"start":{"line":13,"column":0},"end":{"line":13,"column":17}},"13":{"start":{"line":14,"column":0},"end":{"line":14,"column":1}},"15":{"start":{"line":16,"column":0},"end":{"line":16,"column":59}},"16":{"start":{"line":17,"column":0},"end":{"line":17,"column":22}},"17":{"start":{"line":18,"column":0},"end":{"line":18,"column":1}},"19":{"start":{"line":20,"column":0},"end":{"line":20,"column":61}},"20":{"start":{"line":21,"column":0},"end":{"line":21,"column":17}},"21":{"start":{"line":22,"column":0},"end":{"line":22,"column":1}},"23":{"start":{"line":24,"column":0},"end":{"line":24,"column":57}},"24":{"start":{"line":25,"column":0},"end":{"line":25,"column":20}},"25":{"start":{"line":26,"column":0},"end":{"line":26,"column":1}},"27":{"start":{"line":28,"column":0},"end":{"line":28,"column":83}},"28":{"start":{"line":29,"column":0},"end":{"line":29,"column":48}},"29":{"start":{"line":30,"column":0},"end":{"line":30,"column":17}},"30":{"start":{"line":31,"column":0},"end":{"line":31,"column":1}},"32":{"start":{"line":33,"column":0},"end":{"line":33,"column":80}},"33":{"start":{"line":34,"column":0},"end":{"line":34,"column":74}},"34":{"start":{"line":35,"column":0},"end":{"line":35,"column":17}},"35":{"start":{"line":36,"column":0},"end":{"line":36,"column":1}},"37":{"start":{"line":38,"column":0},"end":{"line":38,"column":84}},"38":{"start":{"line":39,"column":0},"end":{"line":39,"column":24}},"39":{"start":{"line":40,"column":0},"end":{"line":40,"column":1}},"41":{"start":{"line":42,"column":0},"end":{"line":42,"column":67}},"42":{"start":{"line":43,"column":0},"end":{"line":43,"column":34}},"43":{"start":{"line":44,"column":0},"end":{"line":44,"column":51}},"44":{"start":{"line":45,"column":0},"end":{"line":45,"column":14}},"45":{"start":{"line":46,"column":0},"end":{"line":46,"column":1}},"48":{"start":{"line":49,"column":0},"end":{"line":49,"column":71}},"49":{"start":{"line":50,"column":0},"end":{"line":50,"column":18}},"50":{"start":{"line":51,"column":0},"end":{"line":51,"column":24}},"51":{"start":{"line":52,"column":0},"end":{"line":52,"column":19}},"52":{"start":{"line":53,"column":0},"end":{"line":53,"column":23}},"53":{"start":{"line":54,"column":0},"end":{"line":54,"column":20}},"54":{"start":{"line":55,"column":0},"end":{"line":55,"column":22}},"55":{"start":{"line":56,"column":0},"end":{"line":56,"column":20}},"56":{"start":{"line":57,"column":0},"end":{"line":57,"column":20}},"57":{"start":{"line":58,"column":0},"end":{"line":58,"column":19}},"58":{"start":{"line":59,"column":0},"end":{"line":59,"column":18}},"59":{"start":{"line":60,"column":0},"end":{"line":60,"column":19}},"60":{"start":{"line":61,"column":0},"end":{"line":61,"column":17}},"61":{"start":{"line":62,"column":0},"end":{"line":62,"column":19}},"62":{"start":{"line":63,"column":0},"end":{"line":63,"column":3}},"63":{"start":{"line":64,"column":0},"end":{"line":64,"column":1}}},"s":{"10":1,"11":7,"12":4,"13":4,"15":1,"16":2,"17":2,"19":1,"20":1,"21":1,"23":1,"24":1,"25":1,"27":1,"28":6,"29":5,"30":5,"32":1,"33":6,"34":4,"35":4,"37":1,"38":6,"39":6,"41":1,"42":12,"43":12,"44":5,"45":5,"48":1,"49":8,"50":8,"51":1,"52":8,"53":1,"54":8,"55":2,"56":8,"57":1,"58":8,"59":2,"60":8,"61":1,"62":8,"63":8},"branchMap":{"0":{"type":"branch","line":11,"loc":{"start":{"line":11,"column":7},"end":{"line":14,"column":1}},"locations":[{"start":{"line":11,"column":7},"end":{"line":14,"column":1}}]},"1":{"type":"branch","line":12,"loc":{"start":{"line":12,"column":18},"end":{"line":12,"column":57}},"locations":[{"start":{"line":12,"column":18},"end":{"line":12,"column":57}}]},"2":{"type":"branch","line":12,"loc":{"start":{"line":12,"column":57},"end":{"line":12,"column":78}},"locations":[{"start":{"line":12,"column":57},"end":{"line":12,"column":78}}]},"3":{"type":"branch","line":12,"loc":{"start":{"line":12,"column":64},"end":{"line":14,"column":1}},"locations":[{"start":{"line":12,"column":64},"end":{"line":14,"column":1}}]},"4":{"type":"branch","line":16,"loc":{"start":{"line":16,"column":7},"end":{"line":18,"column":1}},"locations":[{"start":{"line":16,"column":7},"end":{"line":18,"column":1}}]},"5":{"type":"branch","line":20,"loc":{"start":{"line":20,"column":7},"end":{"line":22,"column":1}},"locations":[{"start":{"line":20,"column":7},"end":{"line":22,"column":1}}]},"6":{"type":"branch","line":24,"loc":{"start":{"line":24,"column":7},"end":{"line":26,"column":1}},"locations":[{"start":{"line":24,"column":7},"end":{"line":26,"column":1}}]},"7":{"type":"branch","line":28,"loc":{"start":{"line":28,"column":7},"end":{"line":31,"column":1}},"locations":[{"start":{"line":28,"column":7},"end":{"line":31,"column":1}}]},"8":{"type":"branch","line":29,"loc":{"start":{"line":29,"column":32},"end":{"line":29,"column":48}},"locations":[{"start":{"line":29,"column":32},"end":{"line":29,"column":48}}]},"9":{"type":"branch","line":29,"loc":{"start":{"line":29,"column":39},"end":{"line":31,"column":1}},"locations":[{"start":{"line":29,"column":39},"end":{"line":31,"column":1}}]},"10":{"type":"branch","line":33,"loc":{"start":{"line":33,"column":7},"end":{"line":36,"column":1}},"locations":[{"start":{"line":33,"column":7},"end":{"line":36,"column":1}}]},"11":{"type":"branch","line":34,"loc":{"start":{"line":34,"column":18},"end":{"line":34,"column":54}},"locations":[{"start":{"line":34,"column":18},"end":{"line":34,"column":54}}]},"12":{"type":"branch","line":34,"loc":{"start":{"line":34,"column":54},"end":{"line":34,"column":74}},"locations":[{"start":{"line":34,"column":54},"end":{"line":34,"column":74}}]},"13":{"type":"branch","line":34,"loc":{"start":{"line":34,"column":61},"end":{"line":36,"column":1}},"locations":[{"start":{"line":34,"column":61},"end":{"line":36,"column":1}}]},"14":{"type":"branch","line":38,"loc":{"start":{"line":38,"column":7},"end":{"line":40,"column":1}},"locations":[{"start":{"line":38,"column":7},"end":{"line":40,"column":1}}]},"15":{"type":"branch","line":42,"loc":{"start":{"line":42,"column":7},"end":{"line":46,"column":1}},"locations":[{"start":{"line":42,"column":7},"end":{"line":46,"column":1}}]},"16":{"type":"branch","line":43,"loc":{"start":{"line":43,"column":13},"end":{"line":43,"column":27}},"locations":[{"start":{"line":43,"column":13},"end":{"line":43,"column":27}}]},"17":{"type":"branch","line":44,"loc":{"start":{"line":44,"column":28},"end":{"line":46,"column":1}},"locations":[{"start":{"line":44,"column":28},"end":{"line":46,"column":1}}]},"18":{"type":"branch","line":44,"loc":{"start":{"line":44,"column":28},"end":{"line":44,"column":51}},"locations":[{"start":{"line":44,"column":28},"end":{"line":44,"column":51}}]},"19":{"type":"branch","line":44,"loc":{"start":{"line":44,"column":35},"end":{"line":46,"column":1}},"locations":[{"start":{"line":44,"column":35},"end":{"line":46,"column":1}}]},"20":{"type":"branch","line":49,"loc":{"start":{"line":49,"column":7},"end":{"line":64,"column":1}},"locations":[{"start":{"line":49,"column":7},"end":{"line":64,"column":1}}]},"21":{"type":"branch","line":51,"loc":{"start":{"line":51,"column":4},"end":{"line":52,"column":19}},"locations":[{"start":{"line":51,"column":4},"end":{"line":52,"column":19}}]},"22":{"type":"branch","line":53,"loc":{"start":{"line":53,"column":4},"end":{"line":54,"column":20}},"locations":[{"start":{"line":53,"column":4},"end":{"line":54,"column":20}}]},"23":{"type":"branch","line":55,"loc":{"start":{"line":55,"column":4},"end":{"line":56,"column":20}},"locations":[{"start":{"line":55,"column":4},"end":{"line":56,"column":20}}]},"24":{"type":"branch","line":57,"loc":{"start":{"line":57,"column":4},"end":{"line":58,"column":19}},"locations":[{"start":{"line":57,"column":4},"end":{"line":58,"column":19}}]},"25":{"type":"branch","line":59,"loc":{"start":{"line":59,"column":4},"end":{"line":60,"column":19}},"locations":[{"start":{"line":59,"column":4},"end":{"line":60,"column":19}}]},"26":{"type":"branch","line":61,"loc":{"start":{"line":61,"column":4},"end":{"line":62,"column":19}},"locations":[{"start":{"line":61,"column":4},"end":{"line":62,"column":19}}]}},"b":{"0":[7],"1":[5],"2":[3],"3":[4],"4":[2],"5":[1],"6":[1],"7":[6],"8":[1],"9":[5],"10":[6],"11":[5],"12":[2],"13":[4],"14":[6],"15":[12],"16":[0],"17":[11],"18":[7],"19":[5],"20":[8],"21":[1],"22":[1],"23":[2],"24":[1],"25":[2],"26":[1]},"fnMap":{"0":{"name":"nextStateOnRegisterClick","decl":{"start":{"line":11,"column":7},"end":{"line":14,"column":1}},"loc":{"start":{"line":11,"column":7},"end":{"line":14,"column":1}},"line":11},"1":{"name":"nextStateOnRegisterOk","decl":{"start":{"line":16,"column":7},"end":{"line":18,"column":1}},"loc":{"start":{"line":16,"column":7},"end":{"line":18,"column":1}},"line":16},"2":{"name":"nextStateOnRegisterFail","decl":{"start":{"line":20,"column":7},"end":{"line":22,"column":1}},"loc":{"start":{"line":20,"column":7},"end":{"line":22,"column":1}},"line":20},"3":{"name":"nextStateOnIncoming","decl":{"start":{"line":24,"column":7},"end":{"line":26,"column":1}},"loc":{"start":{"line":24,"column":7},"end":{"line":26,"column":1}},"line":24},"4":{"name":"nextStateOnDialClick","decl":{"start":{"line":28,"column":7},"end":{"line":31,"column":1}},"loc":{"start":{"line":28,"column":7},"end":{"line":31,"column":1}},"line":28},"5":{"name":"nextStateOnHangup","decl":{"start":{"line":33,"column":7},"end":{"line":36,"column":1}},"loc":{"start":{"line":33,"column":7},"end":{"line":36,"column":1}},"line":33},"6":{"name":"nextStateOnUnregister","decl":{"start":{"line":38,"column":7},"end":{"line":40,"column":1}},"loc":{"start":{"line":38,"column":7},"end":{"line":40,"column":1}},"line":38},"7":{"name":"validateDialTarget","decl":{"start":{"line":42,"column":7},"end":{"line":46,"column":1}},"loc":{"start":{"line":42,"column":7},"end":{"line":46,"column":1}},"line":42},"8":{"name":"softphoneStatusLabel","decl":{"start":{"line":49,"column":7},"end":{"line":64,"column":1}},"loc":{"start":{"line":49,"column":7},"end":{"line":64,"column":1}},"line":49}},"f":{"0":7,"1":2,"2":1,"3":1,"4":6,"5":6,"6":6,"7":12,"8":8}}
,"/Users/apple/Documents/GitHub/denwa/packages/pbx-core/src/softphone/wss-readiness.ts": {"path":"/Users/apple/Documents/GitHub/denwa/packages/pbx-core/src/softphone/wss-readiness.ts","all":false,"statementMap":{"2":{"start":{"line":3,"column":0},"end":{"line":3,"column":48}},"11":{"start":{"line":12,"column":0},"end":{"line":12,"column":74}},"12":{"start":{"line":13,"column":0},"end":{"line":13,"column":42}},"13":{"start":{"line":14,"column":0},"end":{"line":14,"column":1}},"16":{"start":{"line":17,"column":0},"end":{"line":17,"column":49}},"17":{"start":{"line":18,"column":0},"end":{"line":18,"column":41}},"18":{"start":{"line":19,"column":0},"end":{"line":19,"column":22}},"19":{"start":{"line":20,"column":0},"end":{"line":20,"column":30}},"20":{"start":{"line":21,"column":0},"end":{"line":21,"column":38}},"21":{"start":{"line":22,"column":0},"end":{"line":22,"column":33}},"22":{"start":{"line":23,"column":0},"end":{"line":23,"column":3}},"23":{"start":{"line":24,"column":0},"end":{"line":24,"column":41}},"24":{"start":{"line":25,"column":0},"end":{"line":25,"column":19}},"25":{"start":{"line":26,"column":0},"end":{"line":26,"column":3}},"26":{"start":{"line":27,"column":0},"end":{"line":27,"column":36}},"27":{"start":{"line":28,"column":0},"end":{"line":28,"column":16}},"28":{"start":{"line":29,"column":0},"end":{"line":29,"column":83}},"29":{"start":{"line":30,"column":0},"end":{"line":30,"column":6}},"30":{"start":{"line":31,"column":0},"end":{"line":31,"column":3}},"31":{"start":{"line":32,"column":0},"end":{"line":32,"column":16}},"32":{"start":{"line":33,"column":0},"end":{"line":33,"column":1}}},"s":{"2":1,"11":1,"12":3,"13":3,"16":1,"17":5,"18":5,"19":5,"20":5,"21":1,"22":1,"23":5,"24":1,"25":1,"26":5,"27":1,"28":1,"29":1,"30":1,"31":5,"32":5},"branchMap":{"0":{"type":"branch","line":12,"loc":{"start":{"line":12,"column":7},"end":{"line":14,"column":1}},"locations":[{"start":{"line":12,"column":7},"end":{"line":14,"column":1}}]},"1":{"type":"branch","line":17,"loc":{"start":{"line":17,"column":7},"end":{"line":33,"column":1}},"locations":[{"start":{"line":17,"column":7},"end":{"line":33,"column":1}}]},"2":{"type":"branch","line":21,"loc":{"start":{"line":21,"column":37},"end":{"line":23,"column":3}},"locations":[{"start":{"line":21,"column":37},"end":{"line":23,"column":3}}]},"3":{"type":"branch","line":24,"loc":{"start":{"line":24,"column":40},"end":{"line":26,"column":3}},"locations":[{"start":{"line":24,"column":40},"end":{"line":26,"column":3}}]},"4":{"type":"branch","line":27,"loc":{"start":{"line":27,"column":35},"end":{"line":31,"column":3}},"locations":[{"start":{"line":27,"column":35},"end":{"line":31,"column":3}}]}},"b":{"0":[3],"1":[5],"2":[1],"3":[1],"4":[1]},"fnMap":{"0":{"name":"buildWssEndpointLabel","decl":{"start":{"line":12,"column":7},"end":{"line":14,"column":1}},"loc":{"start":{"line":12,"column":7},"end":{"line":14,"column":1}},"line":12},"1":{"name":"collectSoftphoneRegisterBlockers","decl":{"start":{"line":17,"column":7},"end":{"line":33,"column":1}},"loc":{"start":{"line":17,"column":7},"end":{"line":33,"column":1}},"line":17}},"f":{"0":3,"1":5}}
,"/Users/apple/Documents/GitHub/denwa/packages/pbx-core/src/softphone/wss.ts": {"path":"/Users/apple/Documents/GitHub/denwa/packages/pbx-core/src/softphone/wss.ts","all":false,"statementMap":{"7":{"start":{"line":8,"column":0},"end":{"line":8,"column":73}},"8":{"start":{"line":9,"column":0},"end":{"line":9,"column":47}},"9":{"start":{"line":10,"column":0},"end":{"line":10,"column":33}},"10":{"start":{"line":11,"column":0},"end":{"line":11,"column":1}},"13":{"start":{"line":14,"column":0},"end":{"line":14,"column":43}},"14":{"start":{"line":15,"column":0},"end":{"line":15,"column":15}},"15":{"start":{"line":16,"column":0},"end":{"line":16,"column":58}},"16":{"start":{"line":17,"column":0},"end":{"line":17,"column":26}},"17":{"start":{"line":18,"column":0},"end":{"line":18,"column":10}},"18":{"start":{"line":19,"column":0},"end":{"line":19,"column":59}},"19":{"start":{"line":20,"column":0},"end":{"line":20,"column":55}},"20":{"start":{"line":21,"column":0},"end":{"line":21,"column":4}},"21":{"start":{"line":22,"column":0},"end":{"line":22,"column":1}}},"s":{"7":1,"8":9,"9":9,"10":9,"13":1,"14":2,"15":2,"16":2,"17":2,"18":2,"19":2,"20":2,"21":2},"branchMap":{"0":{"type":"branch","line":8,"loc":{"start":{"line":8,"column":7},"end":{"line":11,"column":1}},"locations":[{"start":{"line":8,"column":7},"end":{"line":11,"column":1}}]},"1":{"type":"branch","line":9,"loc":{"start":{"line":9,"column":13},"end":{"line":9,"column":25}},"locations":[{"start":{"line":9,"column":13},"end":{"line":9,"column":25}}]},"2":{"type":"branch","line":9,"loc":{"start":{"line":9,"column":30},"end":{"line":9,"column":47}},"locations":[{"start":{"line":9,"column":30},"end":{"line":9,"column":47}}]},"3":{"type":"branch","line":14,"loc":{"start":{"line":14,"column":7},"end":{"line":22,"column":1}},"locations":[{"start":{"line":14,"column":7},"end":{"line":22,"column":1}}]},"4":{"type":"branch","line":19,"loc":{"start":{"line":19,"column":39},"end":{"line":19,"column":53}},"locations":[{"start":{"line":19,"column":39},"end":{"line":19,"column":53}}]},"5":{"type":"branch","line":19,"loc":{"start":{"line":19,"column":45},"end":{"line":19,"column":57}},"locations":[{"start":{"line":19,"column":45},"end":{"line":19,"column":57}}]},"6":{"type":"branch","line":20,"loc":{"start":{"line":20,"column":23},"end":{"line":20,"column":53}},"locations":[{"start":{"line":20,"column":23},"end":{"line":20,"column":53}}]},"7":{"type":"branch","line":20,"loc":{"start":{"line":20,"column":29},"end":{"line":20,"column":55}},"locations":[{"start":{"line":20,"column":29},"end":{"line":20,"column":55}}]}},"b":{"0":[9],"1":[0],"2":[2],"3":[2],"4":[1],"5":[1],"6":[1],"7":[1]},"fnMap":{"0":{"name":"buildWssTransportUrl","decl":{"start":{"line":8,"column":7},"end":{"line":11,"column":1}},"loc":{"start":{"line":8,"column":7},"end":{"line":11,"column":1}},"line":8},"1":{"name":"buildSipJsTransportOptions","decl":{"start":{"line":14,"column":7},"end":{"line":22,"column":1}},"loc":{"start":{"line":14,"column":7},"end":{"line":22,"column":1}},"line":14}},"f":{"0":9,"1":2}}
}
