{"/Users/apple/Documents/GitHub/denwa/packages/pbx-core/src/billing/detail-rows.ts": {"path":"/Users/apple/Documents/GitHub/denwa/packages/pbx-core/src/billing/detail-rows.ts","all":false,"statementMap":{"0":{"start":{"line":1,"column":0},"end":{"line":1,"column":61}},"12":{"start":{"line":13,"column":0},"end":{"line":13,"column":39}},"13":{"start":{"line":14,"column":0},"end":{"line":14,"column":26}},"20":{"start":{"line":21,"column":0},"end":{"line":21,"column":32}},"21":{"start":{"line":22,"column":0},"end":{"line":22,"column":32}},"22":{"start":{"line":23,"column":0},"end":{"line":23,"column":29}},"23":{"start":{"line":24,"column":0},"end":{"line":24,"column":67}},"24":{"start":{"line":25,"column":0},"end":{"line":25,"column":12}},"25":{"start":{"line":26,"column":0},"end":{"line":26,"column":27}},"26":{"start":{"line":27,"column":0},"end":{"line":27,"column":17}},"27":{"start":{"line":28,"column":0},"end":{"line":28,"column":17}},"28":{"start":{"line":29,"column":0},"end":{"line":29,"column":25}},"29":{"start":{"line":30,"column":0},"end":{"line":30,"column":25}},"30":{"start":{"line":31,"column":0},"end":{"line":31,"column":39}},"31":{"start":{"line":32,"column":0},"end":{"line":32,"column":11}},"32":{"start":{"line":33,"column":0},"end":{"line":33,"column":6}},"33":{"start":{"line":34,"column":0},"end":{"line":34,"column":5}},"34":{"start":{"line":35,"column":0},"end":{"line":35,"column":1}},"36":{"start":{"line":37,"column":0},"end":{"line":37,"column":76}},"37":{"start":{"line":38,"column":0},"end":{"line":38,"column":53}},"38":{"start":{"line":39,"column":0},"end":{"line":39,"column":39}},"39":{"start":{"line":40,"column":0},"end":{"line":40,"column":1}}},"s":{"0":1,"12":1,"13":3,"20":3,"21":3,"22":3,"23":4,"24":4,"25":4,"26":4,"27":4,"28":4,"29":4,"30":4,"31":4,"32":4,"33":3,"34":3,"36":1,"37":2,"38":2,"39":2},"branchMap":{"0":{"type":"branch","line":13,"loc":{"start":{"line":13,"column":7},"end":{"line":35,"column":1}},"locations":[{"start":{"line":13,"column":7},"end":{"line":35,"column":1}}]},"1":{"type":"branch","line":23,"loc":{"start":{"line":23,"column":21},"end":{"line":34,"column":3}},"locations":[{"start":{"line":23,"column":21},"end":{"line":34,"column":3}}]},"2":{"type":"branch","line":31,"loc":{"start":{"line":31,"column":18},"end":{"line":31,"column":34}},"locations":[{"start":{"line":31,"column":18},"end":{"line":31,"column":34}}]},"3":{"type":"branch","line":31,"loc":{"start":{"line":31,"column":24},"end":{"line":31,"column":39}},"locations":[{"start":{"line":31,"column":24},"end":{"line":31,"column":39}}]},"4":{"type":"branch","line":37,"loc":{"start":{"line":37,"column":7},"end":{"line":40,"column":1}},"locations":[{"start":{"line":37,"column":7},"end":{"line":40,"column":1}}]},"5":{"type":"branch","line":38,"loc":{"start":{"line":38,"column":28},"end":{"line":38,"column":50}},"locations":[{"start":{"line":38,"column":28},"end":{"line":38,"column":50}}]}},"b":{"0":[3],"1":[4],"2":[3],"3":[1],"4":[2],"5":[3]},"fnMap":{"0":{"name":"buildBillingDetailRows","decl":{"start":{"line":13,"column":7},"end":{"line":35,"column":1}},"loc":{"start":{"line":13,"column":7},"end":{"line":35,"column":1}},"line":13},"1":{"name":"sumBillingCosts","decl":{"start":{"line":37,"column":7},"end":{"line":40,"column":1}},"loc":{"start":{"line":37,"column":7},"end":{"line":40,"column":1}},"line":37}},"f":{"0":3,"1":2}}
,"/Users/apple/Documents/GitHub/denwa/packages/pbx-core/src/cdr/filter.ts": {"path":"/Users/apple/Documents/GitHub/denwa/packages/pbx-core/src/cdr/filter.ts","all":false,"statementMap":{"11":{"start":{"line":12,"column":0},"end":{"line":12,"column":26}},"12":{"start":{"line":13,"column":0},"end":{"line":13,"column":23}},"14":{"start":{"line":15,"column":0},"end":{"line":15,"column":107}},"15":{"start":{"line":16,"column":0},"end":{"line":16,"column":17}},"16":{"start":{"line":17,"column":0},"end":{"line":17,"column":79}},"17":{"start":{"line":18,"column":0},"end":{"line":18,"column":10}},"18":{"start":{"line":19,"column":0},"end":{"line":19,"column":42}},"19":{"start":{"line":20,"column":0},"end":{"line":20,"column":38}},"20":{"start":{"line":21,"column":0},"end":{"line":21,"column":40}},"21":{"start":{"line":22,"column":0},"end":{"line":22,"column":40}},"22":{"start":{"line":23,"column":0},"end":{"line":23,"column":56}},"23":{"start":{"line":24,"column":0},"end":{"line":24,"column":10}},"24":{"start":{"line":25,"column":0},"end":{"line":25,"column":4}},"25":{"start":{"line":26,"column":0},"end":{"line":26,"column":1}}},"s":{"11":1,"12":1,"14":1,"15":5,"16":5,"17":5,"18":5,"19":5,"20":5,"21":5,"22":5,"23":5,"24":5,"25":5},"branchMap":{"0":{"type":"branch","line":15,"loc":{"start":{"line":15,"column":7},"end":{"line":26,"column":1}},"locations":[{"start":{"line":15,"column":7},"end":{"line":26,"column":1}}]},"1":{"type":"branch","line":17,"loc":{"start":{"line":17,"column":40},"end":{"line":17,"column":64}},"locations":[{"start":{"line":17,"column":40},"end":{"line":17,"column":64}}]},"2":{"type":"branch","line":19,"loc":{"start":{"line":19,"column":16},"end":{"line":19,"column":27}},"locations":[{"start":{"line":19,"column":16},"end":{"line":19,"column":27}}]},"3":{"type":"branch","line":19,"loc":{"start":{"line":19,"column":27},"end":{"line":19,"column":42}},"locations":[{"start":{"line":19,"column":27},"end":{"line":19,"column":42}}]},"4":{"type":"branch","line":20,"loc":{"start":{"line":20,"column":14},"end":{"line":20,"column":23}},"locations":[{"start":{"line":20,"column":14},"end":{"line":20,"column":23}}]},"5":{"type":"branch","line":20,"loc":{"start":{"line":20,"column":23},"end":{"line":20,"column":38}},"locations":[{"start":{"line":20,"column":23},"end":{"line":20,"column":38}}]},"6":{"type":"branch","line":21,"loc":{"start":{"line":21,"column":15},"end":{"line":21,"column":25}},"locations":[{"start":{"line":21,"column":15},"end":{"line":21,"column":25}}]},"7":{"type":"branch","line":21,"loc":{"start":{"line":21,"column":25},"end":{"line":21,"column":40}},"locations":[{"start":{"line":21,"column":25},"end":{"line":21,"column":40}}]},"8":{"type":"branch","line":22,"loc":{"start":{"line":22,"column":15},"end":{"line":22,"column":25}},"locations":[{"start":{"line":22,"column":15},"end":{"line":22,"column":25}}]},"9":{"type":"branch","line":22,"loc":{"start":{"line":22,"column":25},"end":{"line":22,"column":40}},"locations":[{"start":{"line":22,"column":25},"end":{"line":22,"column":40}}]},"10":{"type":"branch","line":23,"loc":{"start":{"line":23,"column":23},"end":{"line":23,"column":41}},"locations":[{"start":{"line":23,"column":23},"end":{"line":23,"column":41}}]}},"b":{"0":[5],"1":[3],"2":[1],"3":[4],"4":[1],"5":[4],"6":[1],"7":[4],"8":[1],"9":[4],"10":[1]},"fnMap":{"0":{"name":"normalizeCdrListFilter","decl":{"start":{"line":15,"column":7},"end":{"line":26,"column":1}},"loc":{"start":{"line":15,"column":7},"end":{"line":26,"column":1}},"line":15}},"f":{"0":5}}
,"/Users/apple/Documents/GitHub/denwa/packages/pbx-core/src/cdr/record-input.ts": {"path":"/Users/apple/Documents/GitHub/denwa/packages/pbx-core/src/cdr/record-input.ts","all":false,"statementMap":{"24":{"start":{"line":25,"column":0},"end":{"line":25,"column":84}},"25":{"start":{"line":26,"column":0},"end":{"line":26,"column":10}},"26":{"start":{"line":27,"column":0},"end":{"line":27,"column":27}},"27":{"start":{"line":28,"column":0},"end":{"line":28,"column":25}},"28":{"start":{"line":29,"column":0},"end":{"line":29,"column":25}},"29":{"start":{"line":30,"column":0},"end":{"line":30,"column":35}},"30":{"start":{"line":31,"column":0},"end":{"line":31,"column":27}},"31":{"start":{"line":32,"column":0},"end":{"line":32,"column":33}},"32":{"start":{"line":33,"column":0},"end":{"line":33,"column":39}},"33":{"start":{"line":34,"column":0},"end":{"line":34,"column":33}},"34":{"start":{"line":35,"column":0},"end":{"line":35,"column":35}},"35":{"start":{"line":36,"column":0},"end":{"line":36,"column":23}},"36":{"start":{"line":37,"column":0},"end":{"line":37,"column":25}},"37":{"start":{"line":38,"column":0},"end":{"line":38,"column":19}},"38":{"start":{"line":39,"column":0},"end":{"line":39,"column":30}},"39":{"start":{"line":40,"column":0},"end":{"line":40,"column":28}},"40":{"start":{"line":41,"column":0},"end":{"line":41,"column":41}},"41":{"start":{"line":42,"column":0},"end":{"line":42,"column":33}},"42":{"start":{"line":43,"column":0},"end":{"line":43,"column":41}},"43":{"start":{"line":44,"column":0},"end":{"line":44,"column":37}},"44":{"start":{"line":45,"column":0},"end":{"line":45,"column":4}},"45":{"start":{"line":46,"column":0},"end":{"line":46,"column":1}}},"s":{"24":1,"25":3,"26":3,"27":3,"28":3,"29":3,"30":3,"31":3,"32":3,"33":3,"34":3,"35":3,"36":3,"37":3,"38":3,"39":3,"40":3,"41":3,"42":3,"43":3,"44":3,"45":3},"branchMap":{"0":{"type":"branch","line":25,"loc":{"start":{"line":25,"column":7},"end":{"line":46,"column":1}},"locations":[{"start":{"line":25,"column":7},"end":{"line":46,"column":1}}]},"1":{"type":"branch","line":28,"loc":{"start":{"line":28,"column":13},"end":{"line":28,"column":25}},"locations":[{"start":{"line":28,"column":13},"end":{"line":28,"column":25}}]},"2":{"type":"branch","line":29,"loc":{"start":{"line":29,"column":13},"end":{"line":29,"column":25}},"locations":[{"start":{"line":29,"column":13},"end":{"line":29,"column":25}}]},"3":{"type":"branch","line":30,"loc":{"start":{"line":30,"column":18},"end":{"line":30,"column":35}},"locations":[{"start":{"line":30,"column":18},"end":{"line":30,"column":35}}]},"4":{"type":"branch","line":31,"loc":{"start":{"line":31,"column":14},"end":{"line":31,"column":27}},"locations":[{"start":{"line":31,"column":14},"end":{"line":31,"column":27}}]},"5":{"type":"branch","line":32,"loc":{"start":{"line":32,"column":17},"end":{"line":32,"column":33}},"locations":[{"start":{"line":32,"column":17},"end":{"line":32,"column":33}}]},"6":{"type":"branch","line":33,"loc":{"start":{"line":33,"column":20},"end":{"line":33,"column":39}},"locations":[{"start":{"line":33,"column":20},"end":{"line":33,"column":39}}]},"7":{"type":"branch","line":34,"loc":{"start":{"line":34,"column":17},"end":{"line":34,"column":33}},"locations":[{"start":{"line":34,"column":17},"end":{"line":34,"column":33}}]},"8":{"type":"branch","line":35,"loc":{"start":{"line":35,"column":18},"end":{"line":35,"column":35}},"locations":[{"start":{"line":35,"column":18},"end":{"line":35,"column":35}}]},"9":{"type":"branch","line":41,"loc":{"start":{"line":41,"column":21},"end":{"line":41,"column":41}},"locations":[{"start":{"line":41,"column":21},"end":{"line":41,"column":41}}]},"10":{"type":"branch","line":42,"loc":{"start":{"line":42,"column":17},"end":{"line":42,"column":33}},"locations":[{"start":{"line":42,"column":17},"end":{"line":42,"column":33}}]},"11":{"type":"branch","line":43,"loc":{"start":{"line":43,"column":21},"end":{"line":43,"column":41}},"locations":[{"start":{"line":43,"column":21},"end":{"line":43,"column":41}}]},"12":{"type":"branch","line":44,"loc":{"start":{"line":44,"column":19},"end":{"line":44,"column":37}},"locations":[{"start":{"line":44,"column":19},"end":{"line":44,"column":37}}]}},"b":{"0":[3],"1":[1],"2":[1],"3":[1],"4":[2],"5":[1],"6":[1],"7":[1],"8":[2],"9":[1],"10":[2],"11":[2],"12":[2]},"fnMap":{"0":{"name":"cdrRecordUpsertFromParsed","decl":{"start":{"line":25,"column":7},"end":{"line":46,"column":1}},"loc":{"start":{"line":25,"column":7},"end":{"line":46,"column":1}},"line":25}},"f":{"0":3}}
,"/Users/apple/Documents/GitHub/denwa/packages/pbx-core/src/concurrency/chart.ts": {"path":"/Users/apple/Documents/GitHub/denwa/packages/pbx-core/src/concurrency/chart.ts","all":false,"statementMap":{"2":{"start":{"line":3,"column":0},"end":{"line":3,"column":81}},"3":{"start":{"line":4,"column":0},"end":{"line":4,"column":39}},"4":{"start":{"line":5,"column":0},"end":{"line":5,"column":57}},"5":{"start":{"line":6,"column":0},"end":{"line":6,"column":1}}},"s":{"2":1,"3":3,"4":3,"5":3},"branchMap":{"0":{"type":"branch","line":3,"loc":{"start":{"line":3,"column":7},"end":{"line":6,"column":1}},"locations":[{"start":{"line":3,"column":7},"end":{"line":6,"column":1}}]}},"b":{"0":[3]},"fnMap":{"0":{"name":"barHeightPercent","decl":{"start":{"line":3,"column":7},"end":{"line":6,"column":1}},"loc":{"start":{"line":3,"column":7},"end":{"line":6,"column":1}},"line":3}},"f":{"0":3}}
,"/Users/apple/Documents/GitHub/denwa/packages/pbx-core/src/home/device-summary.ts": {"path":"/Users/apple/Documents/GitHub/denwa/packages/pbx-core/src/home/device-summary.ts","all":false,"statementMap":{"8":{"start":{"line":9,"column":0},"end":{"line":9,"column":38}},"9":{"start":{"line":10,"column":0},"end":{"line":10,"column":41}},"10":{"start":{"line":11,"column":0},"end":{"line":11,"column":38}},"11":{"start":{"line":12,"column":0},"end":{"line":12,"column":51}},"12":{"start":{"line":13,"column":0},"end":{"line":13,"column":29}},"13":{"start":{"line":14,"column":0},"end":{"line":14,"column":30}},"14":{"start":{"line":15,"column":0},"end":{"line":15,"column":82}},"15":{"start":{"line":16,"column":0},"end":{"line":16,"column":11}},"16":{"start":{"line":17,"column":0},"end":{"line":17,"column":27}},"17":{"start":{"line":18,"column":0},"end":{"line":18,"column":1}}},"s":{"8":1,"9":3,"10":3,"11":3,"12":3,"13":3,"14":3,"15":3,"16":3,"17":3},"branchMap":{"0":{"type":"branch","line":9,"loc":{"start":{"line":9,"column":7},"end":{"line":18,"column":1}},"locations":[{"start":{"line":9,"column":7},"end":{"line":18,"column":1}}]},"1":{"type":"branch","line":12,"loc":{"start":{"line":12,"column":31},"end":{"line":12,"column":49}},"locations":[{"start":{"line":12,"column":31},"end":{"line":12,"column":49}}]},"2":{"type":"branch","line":15,"loc":{"start":{"line":15,"column":4},"end":{"line":15,"column":82}},"locations":[{"start":{"line":15,"column":4},"end":{"line":15,"column":82}}]},"3":{"type":"branch","line":15,"loc":{"start":{"line":15,"column":27},"end":{"line":15,"column":62}},"locations":[{"start":{"line":15,"column":27},"end":{"line":15,"column":62}}]},"4":{"type":"branch","line":15,"loc":{"start":{"line":15,"column":47},"end":{"line":15,"column":82}},"locations":[{"start":{"line":15,"column":47},"end":{"line":15,"column":82}}]}},"b":{"0":[3],"1":[4],"2":[3],"3":[2],"4":[2]},"fnMap":{"0":{"name":"summarizeDeviceOnline","decl":{"start":{"line":9,"column":7},"end":{"line":18,"column":1}},"loc":{"start":{"line":9,"column":7},"end":{"line":18,"column":1}},"line":9}},"f":{"0":3}}
,"/Users/apple/Documents/GitHub/denwa/packages/pbx-core/src/runtime/poll-intervals.ts": {"path":"/Users/apple/Documents/GitHub/denwa/packages/pbx-core/src/runtime/poll-intervals.ts","all":false,"statementMap":{"2":{"start":{"line":3,"column":0},"end":{"line":3,"column":35}},"3":{"start":{"line":4,"column":0},"end":{"line":4,"column":43}},"5":{"start":{"line":6,"column":0},"end":{"line":6,"column":88}},"6":{"start":{"line":7,"column":0},"end":{"line":7,"column":45}},"7":{"start":{"line":8,"column":0},"end":{"line":8,"column":67}},"8":{"start":{"line":9,"column":0},"end":{"line":9,"column":1}},"10":{"start":{"line":11,"column":0},"end":{"line":11,"column":96}},"11":{"start":{"line":12,"column":0},"end":{"line":12,"column":53}},"12":{"start":{"line":13,"column":0},"end":{"line":13,"column":75}},"13":{"start":{"line":14,"column":0},"end":{"line":14,"column":1}}},"s":{"2":1,"3":1,"5":1,"6":4,"7":4,"8":4,"10":1,"11":3,"12":3,"13":3},"branchMap":{"0":{"type":"branch","line":6,"loc":{"start":{"line":6,"column":7},"end":{"line":9,"column":1}},"locations":[{"start":{"line":6,"column":7},"end":{"line":9,"column":1}}]},"1":{"type":"branch","line":8,"loc":{"start":{"line":8,"column":26},"end":{"line":8,"column":43}},"locations":[{"start":{"line":8,"column":26},"end":{"line":8,"column":43}}]},"2":{"type":"branch","line":8,"loc":{"start":{"line":8,"column":36},"end":{"line":8,"column":47}},"locations":[{"start":{"line":8,"column":36},"end":{"line":8,"column":47}}]},"3":{"type":"branch","line":8,"loc":{"start":{"line":8,"column":43},"end":{"line":8,"column":67}},"locations":[{"start":{"line":8,"column":43},"end":{"line":8,"column":67}}]},"4":{"type":"branch","line":11,"loc":{"start":{"line":11,"column":7},"end":{"line":14,"column":1}},"locations":[{"start":{"line":11,"column":7},"end":{"line":14,"column":1}}]},"5":{"type":"branch","line":13,"loc":{"start":{"line":13,"column":26},"end":{"line":13,"column":43}},"locations":[{"start":{"line":13,"column":26},"end":{"line":13,"column":43}}]},"6":{"type":"branch","line":13,"loc":{"start":{"line":13,"column":36},"end":{"line":13,"column":47}},"locations":[{"start":{"line":13,"column":36},"end":{"line":13,"column":47}}]},"7":{"type":"branch","line":13,"loc":{"start":{"line":13,"column":43},"end":{"line":13,"column":75}},"locations":[{"start":{"line":13,"column":43},"end":{"line":13,"column":75}}]}},"b":{"0":[4],"1":[2],"2":[1],"3":[3],"4":[3],"5":[2],"6":[1],"7":[2]},"fnMap":{"0":{"name":"resolveCdrPollIntervalMs","decl":{"start":{"line":6,"column":7},"end":{"line":9,"column":1}},"loc":{"start":{"line":6,"column":7},"end":{"line":9,"column":1}},"line":6},"1":{"name":"resolveConcurrencyPollIntervalMs","decl":{"start":{"line":11,"column":7},"end":{"line":14,"column":1}},"loc":{"start":{"line":11,"column":7},"end":{"line":14,"column":1}},"line":11}},"f":{"0":4,"1":3}}
}
